\BOOKMARK [0][-]{chapter.1}{Introduction}{}% 1
\BOOKMARK [1][-]{section.1.1}{Measurement Models}{chapter.1}% 2
\BOOKMARK [1][-]{section.1.2}{Outstanding Issues}{chapter.1}% 3
\BOOKMARK [2][-]{subsection.1.2.1}{The limits of homoscedastic noise models}{section.1.2}% 4
\BOOKMARK [2][-]{subsection.1.2.2}{Deep, learned models with no uncertainty estimates}{section.1.2}% 5
\BOOKMARK [2][-]{subsection.1.2.3}{Integration of deep models into state estimation pipelines}{section.1.2}% 6
\BOOKMARK [1][-]{section.1.3}{Original Contributions}{chapter.1}% 7
\BOOKMARK [2][-]{subsection.1.3.1}{Predictive Robust Estimation for Sparse Visual Odometry}{section.1.3}% 8
\BOOKMARK [2][-]{subsection.1.3.2}{Software Sun Sensor using a Bayesian Convolutional Neural Network}{section.1.3}% 9
\BOOKMARK [2][-]{subsection.1.3.3}{Deep Pose Corrections \(DPC-Net\)}{section.1.3}% 10
\BOOKMARK [2][-]{subsection.1.3.4}{Probabilistic \040SE\(3\) \040inference using deep networks}{section.1.3}% 11
\BOOKMARK [0][-]{chapter.2}{Predictive Robust Estimation}{}% 12
\BOOKMARK [1][-]{section.2.1}{Stereo Visual Odometry}{chapter.2}% 13
\BOOKMARK [1][-]{section.2.2}{Scalar k-Nearest Neighbours}{chapter.2}% 14
\BOOKMARK [2][-]{subsection.2.2.1}{Training}{section.2.2}% 15
\BOOKMARK [2][-]{subsection.2.2.2}{Evaluation}{section.2.2}% 16
\BOOKMARK [2][-]{subsection.2.2.3}{Prediction Space}{section.2.2}% 17
\BOOKMARK [1][-]{section.2.3}{Generalized Kernels}{chapter.2}% 18
\BOOKMARK [2][-]{subsection.2.3.1}{Predictive noise models for visual odometry}{section.2.3}% 19
\BOOKMARK [2][-]{subsection.2.3.2}{Inference without ground truth}{section.2.3}% 20
\BOOKMARK [2][-]{subsection.2.3.3}{Experiments}{section.2.3}% 21
\BOOKMARK [2][-]{subsection.2.3.4}{KITTI}{section.2.3}% 22
\BOOKMARK [0][-]{figure.caption.34}{Bibliography}{}% 23
